C:\xampp\htdocs\ucapotik\.htaccess
C:\xampp\htdocs\ucapotik\composer.json
C:\xampp\htdocs\ucapotik\controllers\AnnouncementController.php
C:\xampp\htdocs\ucapotik\controllers\ApiController.php
C:\xampp\htdocs\ucapotik\controllers\BreadcrumblinksaddspController.php
C:\xampp\htdocs\ucapotik\controllers\BreadcrumblinkscheckspController.php
C:\xampp\htdocs\ucapotik\controllers\BreadcrumblinksdeletespController.php
C:\xampp\htdocs\ucapotik\controllers\BreadcrumblinksmovespController.php
C:\xampp\htdocs\ucapotik\controllers\ControllerBase.php
C:\xampp\htdocs\ucapotik\controllers\DetailResepController.php
C:\xampp\htdocs\ucapotik\controllers\DokterController.php
C:\xampp\htdocs\ucapotik\controllers\HelpCategoriesController.php
C:\xampp\htdocs\ucapotik\controllers\HelpController.php
C:\xampp\htdocs\ucapotik\controllers\HomeController.php
C:\xampp\htdocs\ucapotik\controllers\JadwalPraktekController.php
C:\xampp\htdocs\ucapotik\controllers\KunjunganController.php
C:\xampp\htdocs\ucapotik\controllers\LanguagesController.php
C:\xampp\htdocs\ucapotik\controllers\LoadaboutusController.php
C:\xampp\htdocs\ucapotik\controllers\LoadhelponlineController.php
C:\xampp\htdocs\ucapotik\controllers\LoadtermsconditionsController.php
C:\xampp\htdocs\ucapotik\controllers\ObatController.php
C:\xampp\htdocs\ucapotik\controllers\OthersController.php
C:\xampp\htdocs\ucapotik\controllers\PasienController.php
C:\xampp\htdocs\ucapotik\controllers\PrinttermsconditionsController.php
C:\xampp\htdocs\ucapotik\controllers\SettingsController.php
C:\xampp\htdocs\ucapotik\controllers\TheuserprofileController.php
C:\xampp\htdocs\ucapotik\controllers\TransaksiController.php
C:\xampp\htdocs\ucapotik\controllers\UserlevelpermissionsController.php
C:\xampp\htdocs\ucapotik\controllers\UserlevelsController.php
C:\xampp\htdocs\ucapotik\controllers\UsersController.php
C:\xampp\htdocs\ucapotik\css\apotik2025baru.scss
C:\xampp\htdocs\ucapotik\css\ewpdf.scss
C:\xampp\htdocs\ucapotik\css\jquery.overlayScrollbars.css
C:\xampp\htdocs\ucapotik\css\query-builder.scss
C:\xampp\htdocs\ucapotik\css\tabulator_bootstrap5.scss
C:\xampp\htdocs\ucapotik\css\tempus-dominus.scss
C:\xampp\htdocs\ucapotik\files\index.html
C:\xampp\htdocs\ucapotik\index.php
C:\xampp\htdocs\ucapotik\jquery\jquery.inputmask.js
C:\xampp\htdocs\ucapotik\jquery\jquery.inputmask.min.js
C:\xampp\htdocs\ucapotik\jquery\jquery.jtable.js
C:\xampp\htdocs\ucapotik\jquery\jquery.jtable.min.js
C:\xampp\htdocs\ucapotik\jquery\jquery.overlayScrollbars.js
C:\xampp\htdocs\ucapotik\jquery\jquery.overlayScrollbars.min.js
C:\xampp\htdocs\ucapotik\jquery\msjqueryinputmask.js
C:\xampp\htdocs\ucapotik\js\eweditor.js
C:\xampp\htdocs\ucapotik\js\ewfixedheadertable.js
C:\xampp\htdocs\ucapotik\js\masinoew.js
C:\xampp\htdocs\ucapotik\js\masinoewcore.js
C:\xampp\htdocs\ucapotik\js\userevent.js
C:\xampp\htdocs\ucapotik\js\userfn.js
C:\xampp\htdocs\ucapotik\js\userprivmod.js
C:\xampp\htdocs\ucapotik\js\userprivori.js
C:\xampp\htdocs\ucapotik\log\index.html
C:\xampp\htdocs\ucapotik\models\Announcement.php
C:\xampp\htdocs\ucapotik\models\AnnouncementAdd.php
C:\xampp\htdocs\ucapotik\models\AnnouncementDelete.php
C:\xampp\htdocs\ucapotik\models\AnnouncementEdit.php
C:\xampp\htdocs\ucapotik\models\AnnouncementList.php
C:\xampp\htdocs\ucapotik\models\AnnouncementView.php
C:\xampp\htdocs\ucapotik\models\Breadcrumblinksaddsp.php
C:\xampp\htdocs\ucapotik\models\Breadcrumblinkschecksp.php
C:\xampp\htdocs\ucapotik\models\Breadcrumblinksdeletesp.php
C:\xampp\htdocs\ucapotik\models\Breadcrumblinksmovesp.php
C:\xampp\htdocs\ucapotik\models\Captcha.php
C:\xampp\htdocs\ucapotik\models\ChangePassword.php
C:\xampp\htdocs\ucapotik\models\DetailResep.php
C:\xampp\htdocs\ucapotik\models\DetailResepAdd.php
C:\xampp\htdocs\ucapotik\models\DetailResepDelete.php
C:\xampp\htdocs\ucapotik\models\DetailResepEdit.php
C:\xampp\htdocs\ucapotik\models\DetailResepList.php
C:\xampp\htdocs\ucapotik\models\DetailResepView.php
C:\xampp\htdocs\ucapotik\models\Dokter.php
C:\xampp\htdocs\ucapotik\models\DokterAdd.php
C:\xampp\htdocs\ucapotik\models\DokterDelete.php
C:\xampp\htdocs\ucapotik\models\DokterEdit.php
C:\xampp\htdocs\ucapotik\models\DokterList.php
C:\xampp\htdocs\ucapotik\models\DokterView.php
C:\xampp\htdocs\ucapotik\models\Help.php
C:\xampp\htdocs\ucapotik\models\HelpAdd.php
C:\xampp\htdocs\ucapotik\models\HelpCategories.php
C:\xampp\htdocs\ucapotik\models\HelpCategoriesAdd.php
C:\xampp\htdocs\ucapotik\models\HelpCategoriesDelete.php
C:\xampp\htdocs\ucapotik\models\HelpCategoriesEdit.php
C:\xampp\htdocs\ucapotik\models\HelpCategoriesList.php
C:\xampp\htdocs\ucapotik\models\HelpCategoriesView.php
C:\xampp\htdocs\ucapotik\models\HelpDelete.php
C:\xampp\htdocs\ucapotik\models\HelpEdit.php
C:\xampp\htdocs\ucapotik\models\HelpGrid.php
C:\xampp\htdocs\ucapotik\models\HelpList.php
C:\xampp\htdocs\ucapotik\models\HelpPreview.php
C:\xampp\htdocs\ucapotik\models\HelpView.php
C:\xampp\htdocs\ucapotik\models\Home.php
C:\xampp\htdocs\ucapotik\models\JadwalPraktek.php
C:\xampp\htdocs\ucapotik\models\JadwalPraktekAdd.php
C:\xampp\htdocs\ucapotik\models\JadwalPraktekDelete.php
C:\xampp\htdocs\ucapotik\models\JadwalPraktekEdit.php
C:\xampp\htdocs\ucapotik\models\JadwalPraktekList.php
C:\xampp\htdocs\ucapotik\models\JadwalPraktekView.php
C:\xampp\htdocs\ucapotik\models\Kunjungan.php
C:\xampp\htdocs\ucapotik\models\KunjunganAdd.php
C:\xampp\htdocs\ucapotik\models\KunjunganDelete.php
C:\xampp\htdocs\ucapotik\models\KunjunganEdit.php
C:\xampp\htdocs\ucapotik\models\KunjunganList.php
C:\xampp\htdocs\ucapotik\models\KunjunganView.php
C:\xampp\htdocs\ucapotik\models\Languages.php
C:\xampp\htdocs\ucapotik\models\LanguagesAdd.php
C:\xampp\htdocs\ucapotik\models\LanguagesDelete.php
C:\xampp\htdocs\ucapotik\models\LanguagesEdit.php
C:\xampp\htdocs\ucapotik\models\LanguagesList.php
C:\xampp\htdocs\ucapotik\models\LanguagesView.php
C:\xampp\htdocs\ucapotik\models\Loadaboutus.php
C:\xampp\htdocs\ucapotik\models\Loadhelponline.php
C:\xampp\htdocs\ucapotik\models\Loadtermsconditions.php
C:\xampp\htdocs\ucapotik\models\Login.php
C:\xampp\htdocs\ucapotik\models\Obat.php
C:\xampp\htdocs\ucapotik\models\ObatAdd.php
C:\xampp\htdocs\ucapotik\models\ObatDelete.php
C:\xampp\htdocs\ucapotik\models\ObatEdit.php
C:\xampp\htdocs\ucapotik\models\ObatList.php
C:\xampp\htdocs\ucapotik\models\ObatView.php
C:\xampp\htdocs\ucapotik\models\Pasien.php
C:\xampp\htdocs\ucapotik\models\PasienAdd.php
C:\xampp\htdocs\ucapotik\models\PasienDelete.php
C:\xampp\htdocs\ucapotik\models\PasienEdit.php
C:\xampp\htdocs\ucapotik\models\PasienList.php
C:\xampp\htdocs\ucapotik\models\PasienView.php
C:\xampp\htdocs\ucapotik\models\PersonalData.php
C:\xampp\htdocs\ucapotik\models\Printtermsconditions.php
C:\xampp\htdocs\ucapotik\models\ResetPassword.php
C:\xampp\htdocs\ucapotik\models\Settings.php
C:\xampp\htdocs\ucapotik\models\SettingsAdd.php
C:\xampp\htdocs\ucapotik\models\SettingsDelete.php
C:\xampp\htdocs\ucapotik\models\SettingsEdit.php
C:\xampp\htdocs\ucapotik\models\SettingsList.php
C:\xampp\htdocs\ucapotik\models\SettingsView.php
C:\xampp\htdocs\ucapotik\models\Theuserprofile.php
C:\xampp\htdocs\ucapotik\models\TheuserprofileAdd.php
C:\xampp\htdocs\ucapotik\models\TheuserprofileDelete.php
C:\xampp\htdocs\ucapotik\models\TheuserprofileEdit.php
C:\xampp\htdocs\ucapotik\models\TheuserprofileList.php
C:\xampp\htdocs\ucapotik\models\TheuserprofileSearch.php
C:\xampp\htdocs\ucapotik\models\TheuserprofileView.php
C:\xampp\htdocs\ucapotik\models\Transaksi.php
C:\xampp\htdocs\ucapotik\models\TransaksiAdd.php
C:\xampp\htdocs\ucapotik\models\TransaksiDelete.php
C:\xampp\htdocs\ucapotik\models\TransaksiEdit.php
C:\xampp\htdocs\ucapotik\models\TransaksiList.php
C:\xampp\htdocs\ucapotik\models\TransaksiView.php
C:\xampp\htdocs\ucapotik\models\Userlevelpermissions.php
C:\xampp\htdocs\ucapotik\models\UserlevelpermissionsAdd.php
C:\xampp\htdocs\ucapotik\models\UserlevelpermissionsDelete.php
C:\xampp\htdocs\ucapotik\models\UserlevelpermissionsEdit.php
C:\xampp\htdocs\ucapotik\models\UserlevelpermissionsList.php
C:\xampp\htdocs\ucapotik\models\UserlevelpermissionsView.php
C:\xampp\htdocs\ucapotik\models\Userlevels.php
C:\xampp\htdocs\ucapotik\models\UserlevelsAdd.php
C:\xampp\htdocs\ucapotik\models\UserlevelsDelete.php
C:\xampp\htdocs\ucapotik\models\UserlevelsEdit.php
C:\xampp\htdocs\ucapotik\models\UserlevelsList.php
C:\xampp\htdocs\ucapotik\models\UserlevelsView.php
C:\xampp\htdocs\ucapotik\models\Userpriv.php
C:\xampp\htdocs\ucapotik\models\Users.php
C:\xampp\htdocs\ucapotik\models\UsersAdd.php
C:\xampp\htdocs\ucapotik\models\UsersDelete.php
C:\xampp\htdocs\ucapotik\models\UsersEdit.php
C:\xampp\htdocs\ucapotik\models\UsersGrid.php
C:\xampp\htdocs\ucapotik\models\UsersList.php
C:\xampp\htdocs\ucapotik\models\UsersPreview.php
C:\xampp\htdocs\ucapotik\models\UsersSearch.php
C:\xampp\htdocs\ucapotik\models\UsersView.php
C:\xampp\htdocs\ucapotik\package.json
C:\xampp\htdocs\ucapotik\src\AbstractCheckCredentialsListener.php
C:\xampp\htdocs\ucapotik\src\AbstractController.php
C:\xampp\htdocs\ucapotik\src\AbstractEntity.php
C:\xampp\htdocs\ucapotik\src\AbstractExport.php
C:\xampp\htdocs\ucapotik\src\AbstractExportBase.php
C:\xampp\htdocs\ucapotik\src\AbstractTwoFactorAuthentication.php
C:\xampp\htdocs\ucapotik\src\AccessTokenExtractor.php
C:\xampp\htdocs\ucapotik\src\AccessTokenHandler.php
C:\xampp\htdocs\ucapotik\src\AccessTokenUser.php
C:\xampp\htdocs\ucapotik\src\AccessTokenUserProvider.php
C:\xampp\htdocs\ucapotik\src\ActionType.php
C:\xampp\htdocs\ucapotik\src\AdvancedFilter.php
C:\xampp\htdocs\ucapotik\src\AdvancedSearch.php
C:\xampp\htdocs\ucapotik\src\AdvancedSecurity.php
C:\xampp\htdocs\ucapotik\src\AdvancedUserInterface.php
C:\xampp\htdocs\ucapotik\src\Allow.php
C:\xampp\htdocs\ucapotik\src\ApiActionEvent.php
C:\xampp\htdocs\ucapotik\src\ApiPermissionMiddleware.php
C:\xampp\htdocs\ucapotik\src\AttributeRouteControllerLoader.php
C:\xampp\htdocs\ucapotik\src\Attributes.php
C:\xampp\htdocs\ucapotik\src\AuditTrailHandler.php
C:\xampp\htdocs\ucapotik\src\AuthenticationEntryPoint.php
C:\xampp\htdocs\ucapotik\src\AuthenticationEventSubscriber.php
C:\xampp\htdocs\ucapotik\src\AuthenticationFailureHandler.php
C:\xampp\htdocs\ucapotik\src\AuthenticationMiddleware.php
C:\xampp\htdocs\ucapotik\src\AuthenticationSuccessHandler.php
C:\xampp\htdocs\ucapotik\src\BasicSearch.php
C:\xampp\htdocs\ucapotik\src\Breadcrumb.php
C:\xampp\htdocs\ucapotik\src\BytesType.php
C:\xampp\htdocs\ucapotik\src\CaptchaBase.php
C:\xampp\htdocs\ucapotik\src\CaptchaInterface.php
C:\xampp\htdocs\ucapotik\src\ChartExporter.php
C:\xampp\htdocs\ucapotik\src\ChartJsRenderer.php
C:\xampp\htdocs\ucapotik\src\ChartRendererInterface.php
C:\xampp\htdocs\ucapotik\src\ChartTypes.php
C:\xampp\htdocs\ucapotik\src\Cognito.php
C:\xampp\htdocs\ucapotik\src\ConfigurationEvent.php
C:\xampp\htdocs\ucapotik\src\ConnectionFactory.php
C:\xampp\htdocs\ucapotik\src\ContainerBuildEvent.php
C:\xampp\htdocs\ucapotik\src\ContainerBuiltEvent.php
C:\xampp\htdocs\ucapotik\src\CrosstabColumn.php
C:\xampp\htdocs\ucapotik\src\CrosstabTable.php
C:\xampp\htdocs\ucapotik\src\CspMiddleware.php
C:\xampp\htdocs\ucapotik\src\CsrfMiddleware.php
C:\xampp\htdocs\ucapotik\src\CustomLdapUserProvider.php
C:\xampp\htdocs\ucapotik\src\CustomUploadHandler.php
C:\xampp\htdocs\ucapotik\src\DataType.php
C:\xampp\htdocs\ucapotik\src\DatabaseConnectedEvent.php
C:\xampp\htdocs\ucapotik\src\DatabaseConnectingEvent.php
C:\xampp\htdocs\ucapotik\src\DbChart.php
C:\xampp\htdocs\ucapotik\src\DbField.php
C:\xampp\htdocs\ucapotik\src\DbFields.php
C:\xampp\htdocs\ucapotik\src\DbTable.php
C:\xampp\htdocs\ucapotik\src\DbTableBase.php
C:\xampp\htdocs\ucapotik\src\DebugStack.php
C:\xampp\htdocs\ucapotik\src\DoctrineCollector.php
C:\xampp\htdocs\ucapotik\src\Email.php
C:\xampp\htdocs\ucapotik\src\EmailTwoFactorAuthentication.php
C:\xampp\htdocs\ucapotik\src\EntityDescriptor.php
C:\xampp\htdocs\ucapotik\src\EntityManagerFactory.php
C:\xampp\htdocs\ucapotik\src\EntityUserProvider.php
C:\xampp\htdocs\ucapotik\src\Entity\Announcement.php
C:\xampp\htdocs\ucapotik\src\Entity\DetailResep.php
C:\xampp\htdocs\ucapotik\src\Entity\Dokter.php
C:\xampp\htdocs\ucapotik\src\Entity\Help.php
C:\xampp\htdocs\ucapotik\src\Entity\HelpCategory.php
C:\xampp\htdocs\ucapotik\src\Entity\JadwalPraktek.php
C:\xampp\htdocs\ucapotik\src\Entity\Kunjungan.php
C:\xampp\htdocs\ucapotik\src\Entity\Language.php
C:\xampp\htdocs\ucapotik\src\Entity\Obat.php
C:\xampp\htdocs\ucapotik\src\Entity\Pasien.php
C:\xampp\htdocs\ucapotik\src\Entity\Setting.php
C:\xampp\htdocs\ucapotik\src\Entity\Theuserprofile.php
C:\xampp\htdocs\ucapotik\src\Entity\Transaksi.php
C:\xampp\htdocs\ucapotik\src\Entity\User.php
C:\xampp\htdocs\ucapotik\src\Entity\Userlevel.php
C:\xampp\htdocs\ucapotik\src\Entity\Userlevelpermission.php
C:\xampp\htdocs\ucapotik\src\ExportCsv.php
C:\xampp\htdocs\ucapotik\src\ExportEmail.php
C:\xampp\htdocs\ucapotik\src\ExportExcel.php
C:\xampp\htdocs\ucapotik\src\ExportHandler.php
C:\xampp\htdocs\ucapotik\src\ExportHtml.php
C:\xampp\htdocs\ucapotik\src\ExportJson.php
C:\xampp\htdocs\ucapotik\src\ExportPdf.php
C:\xampp\htdocs\ucapotik\src\ExportPdfMasino.php
C:\xampp\htdocs\ucapotik\src\ExportPrint.php
C:\xampp\htdocs\ucapotik\src\ExportWord.php
C:\xampp\htdocs\ucapotik\src\ExportXml.php
C:\xampp\htdocs\ucapotik\src\FileUploadHandler.php
C:\xampp\htdocs\ucapotik\src\FileViewer.php
C:\xampp\htdocs\ucapotik\src\FirewallRequestMatcher.php
C:\xampp\htdocs\ucapotik\src\ForceLogoutUserAction.php
C:\xampp\htdocs\ucapotik\src\FormLogin1faAuthenticator.php
C:\xampp\htdocs\ucapotik\src\FormLogin2faAuthenticator.php
C:\xampp\htdocs\ucapotik\src\FormTrait.php
C:\xampp\htdocs\ucapotik\src\GeographyType.php
C:\xampp\htdocs\ucapotik\src\GeometryType.php
C:\xampp\htdocs\ucapotik\src\HierarchyIdType.php
C:\xampp\htdocs\ucapotik\src\HttpErrorHandler.php
C:\xampp\htdocs\ucapotik\src\HttpFoundationFactory.php
C:\xampp\htdocs\ucapotik\src\HttpKernel.php
C:\xampp\htdocs\ucapotik\src\HttpServiceUnavailableException.php
C:\xampp\htdocs\ucapotik\src\HttpUpload.php
C:\xampp\htdocs\ucapotik\src\HybridauthSessionStorage.php
C:\xampp\htdocs\ucapotik\src\JavascriptRenderer.php
C:\xampp\htdocs\ucapotik\src\JwtMiddleware.php
C:\xampp\htdocs\ucapotik\src\Language.php
C:\xampp\htdocs\ucapotik\src\LanguageLoadEvent.php
C:\xampp\htdocs\ucapotik\src\LegacyPasswordHasher.php
C:\xampp\htdocs\ucapotik\src\ListAction.php
C:\xampp\htdocs\ucapotik\src\ListActions.php
C:\xampp\htdocs\ucapotik\src\ListOption.php
C:\xampp\htdocs\ucapotik\src\ListOptions.php
C:\xampp\htdocs\ucapotik\src\ListOptionsCollection.php
C:\xampp\htdocs\ucapotik\src\LoginRateLimiter.php
C:\xampp\htdocs\ucapotik\src\LoginStatusEvent.php
C:\xampp\htdocs\ucapotik\src\LogoutSubscriber.php
C:\xampp\htdocs\ucapotik\src\Lookup.php
C:\xampp\htdocs\ucapotik\src\LookupTableInterface.php
C:\xampp\htdocs\ucapotik\src\MaintenanceMiddleware.php
C:\xampp\htdocs\ucapotik\src\Menu.php
C:\xampp\htdocs\ucapotik\src\MenuItem.php
C:\xampp\htdocs\ucapotik\src\MenuItemAddingEvent.php
C:\xampp\htdocs\ucapotik\src\MenuRenderedEvent.php
C:\xampp\htdocs\ucapotik\src\MenuRenderingEvent.php
C:\xampp\htdocs\ucapotik\src\MessagesTrait.php
C:\xampp\htdocs\ucapotik\src\MicrosoftEntraID.php
C:\xampp\htdocs\ucapotik\src\NumericPager.php
C:\xampp\htdocs\ucapotik\src\OptionValues.php
C:\xampp\htdocs\ucapotik\src\PageLoadingEvent.php
C:\xampp\htdocs\ucapotik\src\PageRenderingEvent.php
C:\xampp\htdocs\ucapotik\src\PageUnloadedEvent.php
C:\xampp\htdocs\ucapotik\src\Pager.php
C:\xampp\htdocs\ucapotik\src\PagerItem.php
C:\xampp\htdocs\ucapotik\src\PasswordHash.php
C:\xampp\htdocs\ucapotik\src\PermissionMiddleware.php
C:\xampp\htdocs\ucapotik\src\PhpCaptcha.php
C:\xampp\htdocs\ucapotik\src\PhpDebugBar.php
C:\xampp\htdocs\ucapotik\src\PhpDebugBarMiddleware.php
C:\xampp\htdocs\ucapotik\src\PhpEncryption.php
C:\xampp\htdocs\ucapotik\src\PhpHttpDriver.php
C:\xampp\htdocs\ucapotik\src\PhpMailerTransport.php
C:\xampp\htdocs\ucapotik\src\PhpMailerTransportFactory.php
C:\xampp\htdocs\ucapotik\src\PragmaRxTwoFactorAuthentication.php
C:\xampp\htdocs\ucapotik\src\PrevNextPager.php
C:\xampp\htdocs\ucapotik\src\ProfileStorage.php
C:\xampp\htdocs\ucapotik\src\PushNotification.php
C:\xampp\htdocs\ucapotik\src\RememberMeTokenProvider.php
C:\xampp\htdocs\ucapotik\src\ReportField.php
C:\xampp\htdocs\ucapotik\src\ReportTable.php
C:\xampp\htdocs\ucapotik\src\RequestDataCollector.php
C:\xampp\htdocs\ucapotik\src\RequestResponseStrategy.php
C:\xampp\htdocs\ucapotik\src\ResendRegisterEmailAction.php
C:\xampp\htdocs\ucapotik\src\ResetConcurrentUserAction.php
C:\xampp\htdocs\ucapotik\src\ResetLoginRetryAction.php
C:\xampp\htdocs\ucapotik\src\ResetUserSecretAction.php
C:\xampp\htdocs\ucapotik\src\RouteActionEvent.php
C:\xampp\htdocs\ucapotik\src\RouteAttributes.php
C:\xampp\htdocs\ucapotik\src\RowSummary.php
C:\xampp\htdocs\ucapotik\src\RowTotal.php
C:\xampp\htdocs\ucapotik\src\RowType.php
C:\xampp\htdocs\ucapotik\src\Saml2.php
C:\xampp\htdocs\ucapotik\src\SecurityContainerCompiledEvent.php
C:\xampp\htdocs\ucapotik\src\SecurityContainerCompilingEvent.php
C:\xampp\htdocs\ucapotik\src\SecurityContainerFactory.php
C:\xampp\htdocs\ucapotik\src\SecurityServiceLocator.php
C:\xampp\htdocs\ucapotik\src\SendLoginLinkAction.php
C:\xampp\htdocs\ucapotik\src\SendOneTimePasswordInterface.php
C:\xampp\htdocs\ucapotik\src\ServicesConfigurationEvent.php
C:\xampp\htdocs\ucapotik\src\SessionHandler.php
C:\xampp\htdocs\ucapotik\src\SessionMiddleware.php
C:\xampp\htdocs\ucapotik\src\SetPasswordExpiredAction.php
C:\xampp\htdocs\ucapotik\src\SmsTwoFactorAuthentication.php
C:\xampp\htdocs\ucapotik\src\SsoStateSessionStore.php
C:\xampp\htdocs\ucapotik\src\SubPage.php
C:\xampp\htdocs\ucapotik\src\SubPages.php
C:\xampp\htdocs\ucapotik\src\SummaryField.php
C:\xampp\htdocs\ucapotik\src\SwitchUserAction.php
C:\xampp\htdocs\ucapotik\src\SwitchUserVoter.php
C:\xampp\htdocs\ucapotik\src\SymfonyMailCollector.php
C:\xampp\htdocs\ucapotik\src\TwoFactorAuthenticatedToken.php
C:\xampp\htdocs\ucapotik\src\TwoFactorAuthenticatingToken.php
C:\xampp\htdocs\ucapotik\src\TwoFactorAuthenticationInterface.php
C:\xampp\htdocs\ucapotik\src\UploadHandler.php
C:\xampp\htdocs\ucapotik\src\UrlGenerator.php
C:\xampp\htdocs\ucapotik\src\UserActivatedException.php
C:\xampp\htdocs\ucapotik\src\UserChecker.php
C:\xampp\htdocs\ucapotik\src\UserProfile.php
C:\xampp\htdocs\ucapotik\src\UserRepository.php
C:\xampp\htdocs\ucapotik\src\WindowsUser.php
C:\xampp\htdocs\ucapotik\src\WindowsUserProvider.php
C:\xampp\htdocs\ucapotik\src\XmlDocument.php
C:\xampp\htdocs\ucapotik\src\apiroutes.php
C:\xampp\htdocs\ucapotik\src\config.development.php
C:\xampp\htdocs\ucapotik\src\config.php
C:\xampp\htdocs\ucapotik\src\config.production.php
C:\xampp\htdocs\ucapotik\src\config.security.php
C:\xampp\htdocs\ucapotik\src\constants.php
C:\xampp\htdocs\ucapotik\src\definitions.php
C:\xampp\htdocs\ucapotik\src\lock.php
C:\xampp\htdocs\ucapotik\src\phpfn.php
C:\xampp\htdocs\ucapotik\src\routes.php
C:\xampp\htdocs\ucapotik\src\security.php
C:\xampp\htdocs\ucapotik\src\services.php
C:\xampp\htdocs\ucapotik\src\userfn.php
C:\xampp\htdocs\ucapotik\src\userlevelsettings.php
C:\xampp\htdocs\ucapotik\views\AnnouncementAdd.php
C:\xampp\htdocs\ucapotik\views\AnnouncementDelete.php
C:\xampp\htdocs\ucapotik\views\AnnouncementEdit.php
C:\xampp\htdocs\ucapotik\views\AnnouncementList.php
C:\xampp\htdocs\ucapotik\views\AnnouncementView.php
C:\xampp\htdocs\ucapotik\views\Breadcrumblinksaddsp.php
C:\xampp\htdocs\ucapotik\views\Breadcrumblinkschecksp.php
C:\xampp\htdocs\ucapotik\views\Breadcrumblinksdeletesp.php
C:\xampp\htdocs\ucapotik\views\Breadcrumblinksmovesp.php
C:\xampp\htdocs\ucapotik\views\ChangePassword.php
C:\xampp\htdocs\ucapotik\views\DetailResepAdd.php
C:\xampp\htdocs\ucapotik\views\DetailResepDelete.php
C:\xampp\htdocs\ucapotik\views\DetailResepEdit.php
C:\xampp\htdocs\ucapotik\views\DetailResepList.php
C:\xampp\htdocs\ucapotik\views\DetailResepView.php
C:\xampp\htdocs\ucapotik\views\DokterAdd.php
C:\xampp\htdocs\ucapotik\views\DokterDelete.php
C:\xampp\htdocs\ucapotik\views\DokterEdit.php
C:\xampp\htdocs\ucapotik\views\DokterList.php
C:\xampp\htdocs\ucapotik\views\DokterView.php
C:\xampp\htdocs\ucapotik\views\Error.php
C:\xampp\htdocs\ucapotik\views\HelpAdd.php
C:\xampp\htdocs\ucapotik\views\HelpCategoriesAdd.php
C:\xampp\htdocs\ucapotik\views\HelpCategoriesDelete.php
C:\xampp\htdocs\ucapotik\views\HelpCategoriesEdit.php
C:\xampp\htdocs\ucapotik\views\HelpCategoriesList.php
C:\xampp\htdocs\ucapotik\views\HelpCategoriesMaster.php
C:\xampp\htdocs\ucapotik\views\HelpCategoriesView.php
C:\xampp\htdocs\ucapotik\views\HelpDelete.php
C:\xampp\htdocs\ucapotik\views\HelpEdit.php
C:\xampp\htdocs\ucapotik\views\HelpGrid.php
C:\xampp\htdocs\ucapotik\views\HelpList.php
C:\xampp\htdocs\ucapotik\views\HelpPreview.php
C:\xampp\htdocs\ucapotik\views\HelpView.php
C:\xampp\htdocs\ucapotik\views\Home.php
C:\xampp\htdocs\ucapotik\views\JadwalPraktekAdd.php
C:\xampp\htdocs\ucapotik\views\JadwalPraktekDelete.php
C:\xampp\htdocs\ucapotik\views\JadwalPraktekEdit.php
C:\xampp\htdocs\ucapotik\views\JadwalPraktekList.php
C:\xampp\htdocs\ucapotik\views\JadwalPraktekView.php
C:\xampp\htdocs\ucapotik\views\KunjunganAdd.php
C:\xampp\htdocs\ucapotik\views\KunjunganDelete.php
C:\xampp\htdocs\ucapotik\views\KunjunganEdit.php
C:\xampp\htdocs\ucapotik\views\KunjunganList.php
C:\xampp\htdocs\ucapotik\views\KunjunganView.php
C:\xampp\htdocs\ucapotik\views\LanguagesAdd.php
C:\xampp\htdocs\ucapotik\views\LanguagesDelete.php
C:\xampp\htdocs\ucapotik\views\LanguagesEdit.php
C:\xampp\htdocs\ucapotik\views\LanguagesList.php
C:\xampp\htdocs\ucapotik\views\LanguagesView.php
C:\xampp\htdocs\ucapotik\views\Loadaboutus.php
C:\xampp\htdocs\ucapotik\views\Loadhelponline.php
C:\xampp\htdocs\ucapotik\views\Loadtermsconditions.php
C:\xampp\htdocs\ucapotik\views\Login.php
C:\xampp\htdocs\ucapotik\views\ObatAdd.php
C:\xampp\htdocs\ucapotik\views\ObatDelete.php
C:\xampp\htdocs\ucapotik\views\ObatEdit.php
C:\xampp\htdocs\ucapotik\views\ObatList.php
C:\xampp\htdocs\ucapotik\views\ObatView.php
C:\xampp\htdocs\ucapotik\views\PasienAdd.php
C:\xampp\htdocs\ucapotik\views\PasienDelete.php
C:\xampp\htdocs\ucapotik\views\PasienEdit.php
C:\xampp\htdocs\ucapotik\views\PasienList.php
C:\xampp\htdocs\ucapotik\views\PasienView.php
C:\xampp\htdocs\ucapotik\views\PersonalData.php
C:\xampp\htdocs\ucapotik\views\Printtermsconditions.php
C:\xampp\htdocs\ucapotik\views\ResetPassword.php
C:\xampp\htdocs\ucapotik\views\SettingsAdd.php
C:\xampp\htdocs\ucapotik\views\SettingsDelete.php
C:\xampp\htdocs\ucapotik\views\SettingsEdit.php
C:\xampp\htdocs\ucapotik\views\SettingsList.php
C:\xampp\htdocs\ucapotik\views\SettingsView.php
C:\xampp\htdocs\ucapotik\views\TheuserprofileAdd.php
C:\xampp\htdocs\ucapotik\views\TheuserprofileDelete.php
C:\xampp\htdocs\ucapotik\views\TheuserprofileEdit.php
C:\xampp\htdocs\ucapotik\views\TheuserprofileList.php
C:\xampp\htdocs\ucapotik\views\TheuserprofileSearch.php
C:\xampp\htdocs\ucapotik\views\TheuserprofileView.php
C:\xampp\htdocs\ucapotik\views\TransaksiAdd.php
C:\xampp\htdocs\ucapotik\views\TransaksiDelete.php
C:\xampp\htdocs\ucapotik\views\TransaksiEdit.php
C:\xampp\htdocs\ucapotik\views\TransaksiList.php
C:\xampp\htdocs\ucapotik\views\TransaksiView.php
C:\xampp\htdocs\ucapotik\views\UserlevelpermissionsAdd.php
C:\xampp\htdocs\ucapotik\views\UserlevelpermissionsDelete.php
C:\xampp\htdocs\ucapotik\views\UserlevelpermissionsEdit.php
C:\xampp\htdocs\ucapotik\views\UserlevelpermissionsList.php
C:\xampp\htdocs\ucapotik\views\UserlevelpermissionsView.php
C:\xampp\htdocs\ucapotik\views\UserlevelsAdd.php
C:\xampp\htdocs\ucapotik\views\UserlevelsDelete.php
C:\xampp\htdocs\ucapotik\views\UserlevelsEdit.php
C:\xampp\htdocs\ucapotik\views\UserlevelsList.php
C:\xampp\htdocs\ucapotik\views\UserlevelsMaster.php
C:\xampp\htdocs\ucapotik\views\UserlevelsView.php
C:\xampp\htdocs\ucapotik\views\Userpriv.php
C:\xampp\htdocs\ucapotik\views\UsersAdd.php
C:\xampp\htdocs\ucapotik\views\UsersDelete.php
C:\xampp\htdocs\ucapotik\views\UsersEdit.php
C:\xampp\htdocs\ucapotik\views\UsersGrid.php
C:\xampp\htdocs\ucapotik\views\UsersList.php
C:\xampp\htdocs\ucapotik\views\UsersPreview.php
C:\xampp\htdocs\ucapotik\views\UsersSearch.php
C:\xampp\htdocs\ucapotik\views\UsersView.php
C:\xampp\htdocs\ucapotik\views\email.php
C:\xampp\htdocs\ucapotik\views\layout.php
C:\xampp\htdocs\ucapotik\views\menu.php
C:\xampp\htdocs\ucapotik\views\swagger.php
C:\xampp\htdocs\ucapotik\web.config